-------------------------------------------------------------------------------
Test set: org.example.testRunners.runners
-------------------------------------------------------------------------------
Tests run: 16, Failures: 1, Errors: 0, Skipped: 0, Time elapsed: 202.565 s <<< FAILURE! - in org.example.testRunners.runners
org.example.testRunners.runners.runScenario  Time elapsed: 13.476 s  <<< FAILURE!
java.lang.AssertionError: expected [https://demo.nopcommerce.com/new-online-store-is-open] but found [https://demo.nopcommerce.com/news/rss/1]

